<!DOCTYPE html>
<html>
<head>
<meta http-equiv="Content-Type" content="text/html; charset=utf-8"/>
<meta http-equiv="x-ua-compatible" content="IE=edge"/>
<title>Test results - Class User registration in the web application</title>
<link href="../css/base-style.css" rel="stylesheet" type="text/css"/>
<link href="../css/style.css" rel="stylesheet" type="text/css"/>
<script src="../js/report.js" type="text/javascript"></script>
</head>
<body>
<div id="content">
<h1>Class User registration in the web application</h1>
<div class="breadcrumbs">
<a href="../index.html">all</a> &gt; 
<a href="../packages/default-package.html">default-package</a> &gt; User registration in the web application</div>
<div id="summary">
<table>
<tr>
<td>
<div class="summaryGroup">
<table>
<tr>
<td>
<div class="infoBox" id="tests">
<div class="counter">1</div>
<p>tests</p>
</div>
</td>
<td>
<div class="infoBox" id="failures">
<div class="counter">1</div>
<p>failures</p>
</div>
</td>
<td>
<div class="infoBox" id="ignored">
<div class="counter">0</div>
<p>ignored</p>
</div>
</td>
<td>
<div class="infoBox" id="duration">
<div class="counter">16.094s</div>
<p>duration</p>
</div>
</td>
</tr>
</table>
</div>
</td>
<td>
<div class="infoBox failures" id="successRate">
<div class="percent">0%</div>
<p>successful</p>
</div>
</td>
</tr>
</table>
</div>
<div id="tabs">
<ul class="tabLinks">
<li>
<a href="#tab0">Failed tests</a>
</li>
<li>
<a href="#tab1">Tests</a>
</li>
<li>
<a href="#tab2">Standard error</a>
</li>
</ul>
<div id="tab0" class="tab">
<h2>Failed tests</h2>
<div class="test">
<a name="User registration in the web application"></a>
<h3 class="failures">User registration in the web application</h3>
<span class="code">
<pre>org.openqa.selenium.ElementClickInterceptedException: element click intercepted: Element is not clickable at point (1062, 728)
  (Session info: chrome=104.0.5112.102)
Build info: version: '3.141.59', revision: 'e82be7d358', time: '2018-11-14T08:17:03'
System info: host: 'DESKTOP-7MNG5Q6', ip: '10.185.81.124', os.name: 'Windows 10', os.arch: 'amd64', os.version: '10.0', java.version: '15.0.2'
Driver info: org.openqa.selenium.chrome.ChromeDriver
Capabilities {acceptInsecureCerts: false, browserName: chrome, browserVersion: 104.0.5112.102, chrome: {chromedriverVersion: 104.0.5112.79 (3cf3e8c8a07d..., userDataDir: C:\Users\ADMIN\AppData\Loca...}, goog:chromeOptions: {debuggerAddress: localhost:53194}, javascriptEnabled: true, networkConnectionEnabled: false, pageLoadStrategy: normal, platform: WINDOWS, platformName: WINDOWS, proxy: Proxy(), setWindowRect: true, strictFileInteractability: false, timeouts: {implicit: 0, pageLoad: 300000, script: 30000}, unhandledPromptBehavior: dismiss and notify, webauthn:extension:credBlob: true, webauthn:extension:largeBlob: true, webauthn:virtualAuthenticators: true}
Session ID: 4fa177f52a9a78fb08e54ba9b4a445e4
	at java.base@15.0.2/jdk.internal.reflect.NativeConstructorAccessorImpl.newInstance0(Native Method)
	at java.base@15.0.2/jdk.internal.reflect.NativeConstructorAccessorImpl.newInstance(NativeConstructorAccessorImpl.java:64)
	at java.base@15.0.2/jdk.internal.reflect.DelegatingConstructorAccessorImpl.newInstance(DelegatingConstructorAccessorImpl.java:45)
	at java.base@15.0.2/java.lang.reflect.Constructor.newInstanceWithCaller(Constructor.java:500)
	at java.base@15.0.2/java.lang.reflect.Constructor.newInstance(Constructor.java:481)
	at app//org.openqa.selenium.remote.http.W3CHttpResponseCodec.createException(W3CHttpResponseCodec.java:187)
	at app//org.openqa.selenium.remote.http.W3CHttpResponseCodec.decode(W3CHttpResponseCodec.java:122)
	at app//org.openqa.selenium.remote.http.W3CHttpResponseCodec.decode(W3CHttpResponseCodec.java:49)
	at app//org.openqa.selenium.remote.HttpCommandExecutor.execute(HttpCommandExecutor.java:158)
	at app//org.openqa.selenium.remote.service.DriverCommandExecutor.execute(DriverCommandExecutor.java:83)
	at app//org.openqa.selenium.remote.RemoteWebDriver.execute(RemoteWebDriver.java:552)
	at app//org.openqa.selenium.remote.RemoteWebElement.execute(RemoteWebElement.java:285)
	at app//org.openqa.selenium.remote.RemoteWebElement.click(RemoteWebElement.java:84)
	at app//net.serenitybdd.core.pages.WebElementFacadeImpl.click(WebElementFacadeImpl.java:1231)
	at app//net.serenitybdd.screenplay.actions.ClickOnTarget.performAs(ClickOnTarget.java:13)
	at app//net.serenitybdd.screenplay.actions.ClickOnTarget$$EnhancerByCGLIB$$e3f2ec6d.CGLIB$performAs$0(&lt;generated&gt;)
	at app//net.serenitybdd.screenplay.actions.ClickOnTarget$$EnhancerByCGLIB$$e3f2ec6d$$FastClassByCGLIB$$eb009f51.invoke(&lt;generated&gt;)
	at app//net.sf.cglib.proxy.MethodProxy.invokeSuper(MethodProxy.java:228)
	at app//net.thucydides.core.steps.StepInterceptor.invokeMethod(StepInterceptor.java:460)
	at app//net.thucydides.core.steps.StepInterceptor.executeTestStepMethod(StepInterceptor.java:445)
	at app//net.thucydides.core.steps.StepInterceptor.runTestStep(StepInterceptor.java:420)
	at app//net.thucydides.core.steps.StepInterceptor.runOrSkipMethod(StepInterceptor.java:175)
	at app//net.thucydides.core.steps.StepInterceptor.testStepResult(StepInterceptor.java:162)
	at app//net.thucydides.core.steps.StepInterceptor.intercept(StepInterceptor.java:68)
	at app//net.serenitybdd.screenplay.actions.ClickOnTarget$$EnhancerByCGLIB$$e3f2ec6d.performAs(&lt;generated&gt;)
	at app//net.serenitybdd.screenplay.Actor.performTask(Actor.java:233)
	at app//net.serenitybdd.screenplay.Actor.perform(Actor.java:214)
	at app//net.serenitybdd.screenplay.Actor.attemptsTo(Actor.java:171)
	at app//co.com.pruebas.llaves.tasks.RegistroUsu.performAs(RegistroUsu.java:64)
	at app//co.com.pruebas.llaves.tasks.RegistroUsu$$EnhancerByCGLIB$$1dd23540.CGLIB$performAs$0(&lt;generated&gt;)
	at app//co.com.pruebas.llaves.tasks.RegistroUsu$$EnhancerByCGLIB$$1dd23540$$FastClassByCGLIB$$c1bcc871.invoke(&lt;generated&gt;)
	at app//net.sf.cglib.proxy.MethodProxy.invokeSuper(MethodProxy.java:228)
	at app//net.thucydides.core.steps.StepInterceptor.invokeMethod(StepInterceptor.java:460)
	at app//net.thucydides.core.steps.StepInterceptor.executeTestStepMethod(StepInterceptor.java:445)
	at app//net.thucydides.core.steps.StepInterceptor.runTestStep(StepInterceptor.java:420)
	at app//net.thucydides.core.steps.StepInterceptor.runOrSkipMethod(StepInterceptor.java:175)
	at app//net.thucydides.core.steps.StepInterceptor.testStepResult(StepInterceptor.java:162)
	at app//net.thucydides.core.steps.StepInterceptor.intercept(StepInterceptor.java:68)
	at app//co.com.pruebas.llaves.tasks.RegistroUsu$$EnhancerByCGLIB$$1dd23540.performAs(&lt;generated&gt;)
	at app//net.serenitybdd.screenplay.Actor.performTask(Actor.java:233)
	at app//net.serenitybdd.screenplay.Actor.perform(Actor.java:214)
	at app//net.serenitybdd.screenplay.Actor.attemptsTo(Actor.java:171)
	at app//co.com.prueba.llaves.stepdefinitions.RegistroUsuStepDefinitions.register_a_manager_type_user_with_the_following_data(RegistroUsuStepDefinitions.java:37)
	at ✽.register a manager type user with the following data(src/test/resources/features/registrousuario.feature:5)
</pre>
</span>
</div>
</div>
<div id="tab1" class="tab">
<h2>Tests</h2>
<table>
<thead>
<tr>
<th>Test</th>
<th>Duration</th>
<th>Result</th>
</tr>
</thead>
<tr>
<td class="failures">User registration in the web application</td>
<td class="failures">16.094s</td>
<td class="failures">failed</td>
</tr>
</table>
</div>
<div id="tab2" class="tab">
<h2>Standard error</h2>
<span class="code">
<pre>[Test worker] INFO net.thucydides.core.steps.ConsoleLoggingListener - STARTING STEP Given who enters the website and logs in &quot;http://localhost:8080/#/&quot;
[Test worker] INFO net.thucydides.core.steps.ConsoleLoggingListener - STARTING STEP Luna opens the http://localhost:8080/#/
ago. 31, 2022 11:35:05 A. M. org.openqa.selenium.remote.DesiredCapabilities chrome
INFO: Using `new ChromeOptions()` is preferred to `DesiredCapabilities.chrome()`
[Test worker] INFO net.serenitybdd.core.webdriver.driverproviders.ProvideNewDriver - Instantiating driver
[Test worker] INFO net.serenitybdd.core.webdriver.driverproviders.ProvideNewDriver - Driver capabilities: Capabilities {acceptInsecureCerts: false, browserName: chrome, chrome.switches: &quot;--disable-notifications, -..., goog:chromeOptions: {args: [--&quot;, --disable-notifications, --enable-automation, --profile-directory=Default, --disable-web-security, --disable-plugins-discovery, --disk-cache-dir=null, --disable-popup-blocking, --disable-downloa-notification, --start-maximized, --ignore-certificate-errors, --allow-running-insecure-co..., --disable-translate, always..., --incognito&quot;], extensions: []}, loggingPrefs: org.openqa.selenium.logging..., platform: ANY, version: }
Starting ChromeDriver 104.0.5112.79 (3cf3e8c8a07d104b9e1260c910efb8f383285dc5-refs/branch-heads/5112@{#1307}) on port 46033
Only local connections are allowed.
Please see https://chromedriver.chromium.org/security-considerations for suggestions on keeping ChromeDriver safe.
ChromeDriver was started successfully.
ago. 31, 2022 11:35:07 A. M. org.openqa.selenium.remote.ProtocolHandshake createSession
INFO: Detected dialect: W3C
[Test worker] INFO net.thucydides.core.steps.ConsoleLoggingListener - FINISHING STEP
[Test worker] INFO net.thucydides.core.steps.ConsoleLoggingListener - FINISHING STEP
[Test worker] INFO net.thucydides.core.steps.ConsoleLoggingListener - STARTING STEP When register a manager type user with the following data
| username | password | name | last | id | cel | nameusur | perfil | email | passwordusur |
| Anni | 123 | Andres | Sanchez | 6363636363 | 4242424242 | Andres | Gestor | andres@gmail.com | 123 |
[Test worker] INFO net.thucydides.core.steps.ConsoleLoggingListener - STARTING STEP Luna registro usu
[Test worker] INFO net.thucydides.core.steps.ConsoleLoggingListener - STARTING STEP Luna enters 'Anni' into ingreso de username
[Test worker] INFO net.thucydides.core.steps.ConsoleLoggingListener - FINISHING STEP
[Test worker] INFO net.thucydides.core.steps.ConsoleLoggingListener - STARTING STEP Luna enters '123' into ingreso de password
[Test worker] INFO net.thucydides.core.steps.ConsoleLoggingListener - FINISHING STEP
[Test worker] INFO net.thucydides.core.steps.ConsoleLoggingListener - STARTING STEP Luna clicks on boton de ingreso
[Test worker] INFO net.thucydides.core.steps.ConsoleLoggingListener - FINISHING STEP
[Test worker] INFO net.thucydides.core.steps.ConsoleLoggingListener - STARTING STEP Luna clicks on ingresar al registro de usuarios
[Test worker] INFO net.thucydides.core.steps.ConsoleLoggingListener - FINISHING STEP
[Test worker] INFO net.thucydides.core.steps.ConsoleLoggingListener - STARTING STEP Luna clicks on boton registro de usuarios
[Test worker] INFO net.thucydides.core.steps.ConsoleLoggingListener - FINISHING STEP
[Test worker] INFO net.thucydides.core.steps.ConsoleLoggingListener - STARTING STEP Luna enters 'Andres' into Nombres registro de usuarios
[Test worker] INFO net.thucydides.core.steps.ConsoleLoggingListener - FINISHING STEP
[Test worker] INFO net.thucydides.core.steps.ConsoleLoggingListener - STARTING STEP Luna enters 'Sanchez' into Apellidos registro de usuarios
[Test worker] INFO net.thucydides.core.steps.ConsoleLoggingListener - FINISHING STEP
[Test worker] INFO net.thucydides.core.steps.ConsoleLoggingListener - STARTING STEP Luna enters '6363636363' into Id registro de usuarios
[Test worker] INFO net.thucydides.core.steps.ConsoleLoggingListener - FINISHING STEP
[Test worker] INFO net.thucydides.core.steps.ConsoleLoggingListener - STARTING STEP Luna enters '4242424242' then hits TAB and ENTER into Celular registro de usuarios
[Test worker] INFO net.thucydides.core.steps.ConsoleLoggingListener - FINISHING STEP
[Test worker] INFO net.thucydides.core.steps.ConsoleLoggingListener - STARTING STEP Luna clicks on despliegue de perfil registro de usuarios
[Test worker] INFO net.thucydides.core.steps.ConsoleLoggingListener - FINISHING STEP
[Test worker] INFO net.thucydides.core.steps.ConsoleLoggingListener - STARTING STEP Luna clicks on despliegue2 de perfil registro de usuarios
[Test worker] INFO net.thucydides.core.steps.ConsoleLoggingListener - FINISHING STEP
[Test worker] INFO net.thucydides.core.steps.ConsoleLoggingListener - STARTING STEP Luna enters 'Andres' into Nombre de usuario registro de usuarios
[Test worker] INFO net.thucydides.core.steps.ConsoleLoggingListener - FINISHING STEP
[Test worker] INFO net.thucydides.core.steps.ConsoleLoggingListener - STARTING STEP Luna enters 'andres@gmail.com' into correo registro de usuarios
[Test worker] INFO net.thucydides.core.steps.ConsoleLoggingListener - FINISHING STEP
[Test worker] INFO net.thucydides.core.steps.ConsoleLoggingListener - STARTING STEP Luna enters '123' into contraseña registro de usuarios
[Test worker] INFO net.thucydides.core.steps.ConsoleLoggingListener - FINISHING STEP
[Test worker] INFO net.thucydides.core.steps.ConsoleLoggingListener - STARTING STEP Luna clicks on boton registro de usuarios
[Test worker] INFO net.thucydides.core.steps.ConsoleLoggingListener - ?[91mSTEP ERROR: org.openqa.selenium.ElementClickInterceptedException: element click intercepted: Element is not clickable at point (1062, 728)
  (Session info: chrome=104.0.5112.102)
Build info: version: '3.141.59', revision: 'e82be7d358', time: '2018-11-14T08:17:03'
System info: host: 'DESKTOP-7MNG5Q6', ip: '10.185.81.124', os.name: 'Windows 10', os.arch: 'amd64', os.version: '10.0', java.version: '15.0.2'
Driver info: org.openqa.selenium.chrome.ChromeDriver
Capabilities {acceptInsecureCerts: false, browserName: chrome, browserVersion: 104.0.5112.102, chrome: {chromedriverVersion: 104.0.5112.79 (3cf3e8c8a07d..., userDataDir: C:\Users\ADMIN\AppData\Loca...}, goog:chromeOptions: {debuggerAddress: localhost:53194}, javascriptEnabled: true, networkConnectionEnabled: false, pageLoadStrategy: normal, platform: WINDOWS, platformName: WINDOWS, proxy: Proxy(), setWindowRect: true, strictFileInteractability: false, timeouts: {implicit: 0, pageLoad: 300000, script: 30000}, unhandledPromptBehavior: dismiss and notify, webauthn:extension:credBlob: true, webauthn:extension:largeBlob: true, webauthn:virtualAuthenticators: true}
Session ID: 4fa177f52a9a78fb08e54ba9b4a445e4?[0m
[Test worker] INFO net.thucydides.core.steps.ConsoleLoggingListener - ?[91mSTEP ERROR: org.openqa.selenium.ElementClickInterceptedException: element click intercepted: Element is not clickable at point (1062, 728)
  (Session info: chrome=104.0.5112.102)
Build info: version: '3.141.59', revision: 'e82be7d358', time: '2018-11-14T08:17:03'
System info: host: 'DESKTOP-7MNG5Q6', ip: '10.185.81.124', os.name: 'Windows 10', os.arch: 'amd64', os.version: '10.0', java.version: '15.0.2'
Driver info: org.openqa.selenium.chrome.ChromeDriver
Capabilities {acceptInsecureCerts: false, browserName: chrome, browserVersion: 104.0.5112.102, chrome: {chromedriverVersion: 104.0.5112.79 (3cf3e8c8a07d..., userDataDir: C:\Users\ADMIN\AppData\Loca...}, goog:chromeOptions: {debuggerAddress: localhost:53194}, javascriptEnabled: true, networkConnectionEnabled: false, pageLoadStrategy: normal, platform: WINDOWS, platformName: WINDOWS, proxy: Proxy(), setWindowRect: true, strictFileInteractability: false, timeouts: {implicit: 0, pageLoad: 300000, script: 30000}, unhandledPromptBehavior: dismiss and notify, webauthn:extension:credBlob: true, webauthn:extension:largeBlob: true, webauthn:virtualAuthenticators: true}
Session ID: 4fa177f52a9a78fb08e54ba9b4a445e4?[0m
[Test worker] INFO net.thucydides.core.steps.ConsoleLoggingListener - ?[91mSTEP ERROR: org.openqa.selenium.ElementClickInterceptedException: element click intercepted: Element is not clickable at point (1062, 728)
  (Session info: chrome=104.0.5112.102)
Build info: version: '3.141.59', revision: 'e82be7d358', time: '2018-11-14T08:17:03'
System info: host: 'DESKTOP-7MNG5Q6', ip: '10.185.81.124', os.name: 'Windows 10', os.arch: 'amd64', os.version: '10.0', java.version: '15.0.2'
Driver info: org.openqa.selenium.chrome.ChromeDriver
Capabilities {acceptInsecureCerts: false, browserName: chrome, browserVersion: 104.0.5112.102, chrome: {chromedriverVersion: 104.0.5112.79 (3cf3e8c8a07d..., userDataDir: C:\Users\ADMIN\AppData\Loca...}, goog:chromeOptions: {debuggerAddress: localhost:53194}, javascriptEnabled: true, networkConnectionEnabled: false, pageLoadStrategy: normal, platform: WINDOWS, platformName: WINDOWS, proxy: Proxy(), setWindowRect: true, strictFileInteractability: false, timeouts: {implicit: 0, pageLoad: 300000, script: 30000}, unhandledPromptBehavior: dismiss and notify, webauthn:extension:credBlob: true, webauthn:extension:largeBlob: true, webauthn:virtualAuthenticators: true}
Session ID: 4fa177f52a9a78fb08e54ba9b4a445e4?[0m
[Test worker] INFO net.thucydides.core.steps.ConsoleLoggingListener - ?[91mSTEP ERROR: org.openqa.selenium.ElementClickInterceptedException: element click intercepted: Element is not clickable at point (1062, 728)
  (Session info: chrome=104.0.5112.102)
Build info: version: '3.141.59', revision: 'e82be7d358', time: '2018-11-14T08:17:03'
System info: host: 'DESKTOP-7MNG5Q6', ip: '10.185.81.124', os.name: 'Windows 10', os.arch: 'amd64', os.version: '10.0', java.version: '15.0.2'
Driver info: org.openqa.selenium.chrome.ChromeDriver
Capabilities {acceptInsecureCerts: false, browserName: chrome, browserVersion: 104.0.5112.102, chrome: {chromedriverVersion: 104.0.5112.79 (3cf3e8c8a07d..., userDataDir: C:\Users\ADMIN\AppData\Loca...}, goog:chromeOptions: {debuggerAddress: localhost:53194}, javascriptEnabled: true, networkConnectionEnabled: false, pageLoadStrategy: normal, platform: WINDOWS, platformName: WINDOWS, proxy: Proxy(), setWindowRect: true, strictFileInteractability: false, timeouts: {implicit: 0, pageLoad: 300000, script: 30000}, unhandledPromptBehavior: dismiss and notify, webauthn:extension:credBlob: true, webauthn:extension:largeBlob: true, webauthn:virtualAuthenticators: true}
Session ID: 4fa177f52a9a78fb08e54ba9b4a445e4?[0m
[Test worker] INFO net.thucydides.core.steps.ConsoleLoggingListener - STARTING STEP Then you will see the successfully registered user on the screen
[Test worker] INFO net.thucydides.core.steps.ConsoleLoggingListener - ?[33mIGNORING STEP?[0m
[Test worker] ERROR net.thucydides.core.steps.ConsoleLoggingListener - ?[91m
           __  _____ _____ ____ _____   _____ _    ___ _     _____ ____  
  _       / / |_   _| ____/ ___|_   _| |  ___/ \  |_ _| |   | ____|  _ \ 
 (_)_____| |    | | |  _| \___ \ | |   | |_ / _ \  | || |   |  _| | | | |
  _|_____| |    | | | |___ ___) || |   |  _/ ___ \ | || |___| |___| |_| |
 (_)     | |    |_| |_____|____/ |_|   |_|/_/   \_\___|_____|_____|____/ 
          \_\                                                            

TEST FAILED WITH ERROR: User registration in the web application
---------------------------------------------------------------------?[0m
[Test worker] ERROR net.thucydides.core.steps.ConsoleLoggingListener - ?[91mTEST FAILED AT STEP Luna clicks on boton registro de usuarios?[0m
[Test worker] ERROR net.thucydides.core.steps.ConsoleLoggingListener - element click intercepted: Element is not clickable at point (1062, 728)
</pre>
</span>
</div>
</div>
<div id="footer">
<p>
<div>
<label class="hidden" id="label-for-line-wrapping-toggle" for="line-wrapping-toggle">Wrap lines
<input id="line-wrapping-toggle" type="checkbox" autocomplete="off"/>
</label>
</div>Generated by 
<a href="http://www.gradle.org">Gradle 7.4</a> at 31/08/2022, 11:35:23 a. m.</p>
</div>
</div>
</body>
</html>
